<?xml version="1.0" encoding="UTF-8"?>
<!-- Generated by org.testng.reporters.JUnitReportReporter -->
<testsuite hostname="vkzoomin996" failures="0" tests="1" name="tests.TwoTest" time="12.691" errors="0" timestamp="2022-11-24T12:26:13 IST" skipped="0">
  <testcase classname="tests.TwoTest" name="TwoTest" time="12.691"/>
  <system-out/>
</testsuite> <!-- tests.TwoTest -->
